<?xml version="1.0" encoding="UTF-8"?>
<!-- Generated by org.testng.reporters.JUnitReportReporter -->
<testsuite hostname="Mukesh" name="application.testcases.LoginTestScenarios3" tests="1" failures="0" timestamp="28 Oct 2017 03:50:13 GMT" time="11.684" errors="0">
  <testcase name="loginWithValidCredentials" time="11.684" classname="application.testcases.LoginTestScenarios3"/>
</testsuite> <!-- application.testcases.LoginTestScenarios3 -->
