<?xml version="1.0" encoding="UTF-8"?>
<!-- Generated by org.testng.reporters.JUnitReportReporter -->
<testsuite hostname="Mukesh" name="application.testcases.LoginTestScenarios2" tests="1" failures="0" timestamp="8 Oct 2017 06:04:41 GMT" time="7.181" errors="0">
  <testcase name="loginWithValidCredentials" time="7.181" classname="application.testcases.LoginTestScenarios2"/>
</testsuite> <!-- application.testcases.LoginTestScenarios2 -->
